[22:20:06] [main/INFO]: Environment: authHost='https://authserver.mojang.com', accountsHost='https://api.mojang.com', sessionHost='https://sessionserver.mojang.com', name='PROD'
[22:20:07] [main/WARN]: Ambiguity between arguments [teleport, destination] and [teleport, targets] with inputs: [Player, 0123, @e, dd12be42-52a9-4a91-a8a1-11c01849e498]
[22:20:07] [main/WARN]: Ambiguity between arguments [teleport, location] and [teleport, destination] with inputs: [0.1 -0.5 .9, 0 0 0]
[22:20:07] [main/WARN]: Ambiguity between arguments [teleport, location] and [teleport, targets] with inputs: [0.1 -0.5 .9, 0 0 0]
[22:20:07] [main/WARN]: Ambiguity between arguments [teleport, targets] and [teleport, destination] with inputs: [Player, 0123, dd12be42-52a9-4a91-a8a1-11c01849e498]
[22:20:07] [main/WARN]: Ambiguity between arguments [teleport, targets, location] and [teleport, targets, destination] with inputs: [0.1 -0.5 .9, 0 0 0]
[22:20:07] [main/INFO]: Reloading ResourceManager: Default
[22:20:07] [Worker-Main-14/INFO]: Loaded 7 recipes
[22:20:08] [Worker-Main-14/INFO]: Loaded 927 advancements
[22:20:11] [Server thread/INFO]: Starting minecraft server version 1.16.1
[22:20:11] [Server thread/INFO]: Loading properties
[22:20:11] [Server thread/INFO]: Default game type: SURVIVAL
[22:20:11] [Server thread/INFO]: Generating keypair
[22:20:11] [Server thread/INFO]: Starting Minecraft server on *:25565
[22:20:11] [Server thread/INFO]: Using default channel type
[22:20:16] [Server thread/INFO]: Preparing level "world"
[22:20:16] [Server thread/INFO]: Preparing start region for dimension minecraft:overworld
[22:20:18] [Server thread/INFO]: Preparing spawn area: 0%
[22:20:18] [Server thread/INFO]: Preparing spawn area: 0%
[22:20:18] [Server thread/INFO]: Preparing spawn area: 0%
[22:20:18] [Server thread/INFO]: Preparing spawn area: 0%
[22:20:18] [Server thread/INFO]: Preparing spawn area: 0%
[22:20:19] [Server thread/INFO]: Preparing spawn area: 34%
[22:20:22] [Worker-Main-12/INFO]: Preparing spawn area: 83%
[22:20:22] [Worker-Main-12/INFO]: Preparing spawn area: 83%
[22:20:22] [Worker-Main-9/INFO]: Preparing spawn area: 83%
[22:20:22] [Worker-Main-12/INFO]: Preparing spawn area: 83%
[22:20:22] [Worker-Main-9/INFO]: Preparing spawn area: 83%
[22:20:22] [Worker-Main-9/INFO]: Preparing spawn area: 83%
[22:20:22] [Worker-Main-9/INFO]: Preparing spawn area: 83%
[22:20:23] [Worker-Main-11/INFO]: Preparing spawn area: 83%
[22:20:23] [Worker-Main-12/INFO]: Preparing spawn area: 83%
[22:20:24] [Worker-Main-10/INFO]: Preparing spawn area: 83%
[22:20:24] [Server thread/INFO]: Preparing spawn area: 85%
[22:20:25] [Worker-Main-12/INFO]: Preparing spawn area: 87%
[22:20:25] [Worker-Main-11/INFO]: Preparing spawn area: 88%
[22:20:26] [Server thread/INFO]: Preparing spawn area: 96%
[22:20:26] [Server thread/INFO]: Time elapsed: 9585 ms
[22:20:26] [Server thread/INFO]: Done (9.659s)! For help, type "help"
[22:20:29] [User Authenticator #1/INFO]: UUID of player DavidXXX24 is 8885d54d-21dd-4512-8792-a77383760031
[22:20:29] [Server thread/INFO]: DavidXXX24[/127.0.0.1:58122] logged in with entity id 255 at (88.5, 64.0, 9.5)
[22:20:29] [Server thread/INFO]: DavidXXX24 joined the game
[22:20:45] [Server thread/INFO]: DavidXXX24 lost connection: Disconnected
[22:20:45] [Server thread/INFO]: DavidXXX24 left the game
[22:20:55] [Server thread/INFO]: Stopping server
[22:20:55] [Server thread/INFO]: Saving players
[22:20:55] [Server thread/INFO]: Saving worlds
[22:20:55] [Server thread/INFO]: Saving chunks for level 'ServerLevel[world]'/minecraft:overworld
[22:20:56] [Server thread/INFO]: ThreadedAnvilChunkStorage (world): All chunks are saved
[22:20:56] [Server thread/INFO]: Saving chunks for level 'ServerLevel[world]'/minecraft:the_nether
[22:20:56] [Server thread/INFO]: ThreadedAnvilChunkStorage (DIM-1): All chunks are saved
[22:20:56] [Server thread/INFO]: Saving chunks for level 'ServerLevel[world]'/minecraft:the_end
[22:20:56] [Server thread/INFO]: ThreadedAnvilChunkStorage (DIM1): All chunks are saved
[22:20:56] [Server thread/INFO]: ThreadedAnvilChunkStorage (world): All chunks are saved
[22:20:56] [Server thread/INFO]: ThreadedAnvilChunkStorage (DIM-1): All chunks are saved
[22:20:56] [Server thread/INFO]: ThreadedAnvilChunkStorage (DIM1): All chunks are saved
